<?xml version="1.0" encoding="UTF-8"?>
<!-- Generated by org.testng.reporters.JUnitXMLReporter -->
<testsuite hostname="MainPc" name="Default test" tests="3" failures="0" timestamp="29 Dec 2016 09:46:18 GMT" time="21.828" errors="0">
  <testcase name="GoToMainHomePage" time="7.904" classname="website.Test_Privacy_Policy"/>
  <testcase name="PrivacyPolicy" time="10.837" classname="website.Test_Privacy_Policy"/>
  <testcase name="Close_Browser" time="3.068" classname="website.Test_Privacy_Policy"/>
</testsuite> <!-- Default test -->
