<?xml version="1.0" encoding="UTF-8"?>
<!-- Generated by org.testng.reporters.JUnitXMLReporter -->
<testsuite hostname="MainPc" name="Default test" tests="23" failures="0" timestamp="21 Dec 2016 22:55:32 GMT" time="399.546" errors="0">
  <testcase name="MainPage_FileMenu_Click_AboutUs_Blog" time="17.87" classname="website.Test_HomePage_File_MenueOptions"/>
  <testcase name="MainPage_FileMenu_Click_AboutUs_Careers" time="17.283" classname="website.Test_HomePage_File_MenueOptions"/>
  <testcase name="MainPage_FileMenu_Click_AboutUs_Management" time="17.293" classname="website.Test_HomePage_File_MenueOptions"/>
  <testcase name="MainPage_FileMenu_Click_AboutUs_News" time="18.799" classname="website.Test_HomePage_File_MenueOptions"/>
  <testcase name="MainPage_FileMenu_Click_AboutUs_Overview" time="17.605" classname="website.Test_HomePage_File_MenueOptions"/>
  <testcase name="MainPage_FileMenu_Click_AboutUs_Resources" time="17.278" classname="website.Test_HomePage_File_MenueOptions"/>
  <testcase name="MainPage_FileMenu_Click_AboutUs_SocialResponsibility" time="17.585" classname="website.Test_HomePage_File_MenueOptions"/>
  <testcase name="MainPage_FileMenu_Click_Customers" time="16.324" classname="website.Test_HomePage_File_MenueOptions"/>
  <testcase name="MainPage_FileMenu_Click_Partners_DistributionPartners" time="17.249" classname="website.Test_HomePage_File_MenueOptions"/>
  <testcase name="MainPage_FileMenu_Click_Partners_Overview" time="17.865" classname="website.Test_HomePage_File_MenueOptions"/>
  <testcase name="MainPage_FileMenu_Click_Partners_TechnologyPartners" time="17.31" classname="website.Test_HomePage_File_MenueOptions"/>
  <testcase name="MainPage_FileMenu_Click_Products_Overview" time="17.115" classname="website.Test_HomePage_File_MenueOptions"/>
  <testcase name="MainPage_FileMenu_Click_Products_SmartnumbersCallRecording" time="17.198" classname="website.Test_HomePage_File_MenueOptions"/>
  <testcase name="MainPage_FileMenu_Click_Products_SmartnumbersControl" time="17.349" classname="website.Test_HomePage_File_MenueOptions"/>
  <testcase name="MainPage_FileMenu_Click_Products_SmartnumbersFaceToFaceRecording" time="16.5" classname="website.Test_HomePage_File_MenueOptions"/>
  <testcase name="MainPage_FileMenu_Click_Products_SmartnumbersMobile" time="17.246" classname="website.Test_HomePage_File_MenueOptions"/>
  <testcase name="MainPage_FileMenu_Click_SolutionsMenu_BusinessContinuity" time="17.36" classname="website.Test_HomePage_File_MenueOptions"/>
  <testcase name="MainPage_FileMenu_Click_SolutionsMenu_CallRecording" time="17.876" classname="website.Test_HomePage_File_MenueOptions"/>
  <testcase name="MainPage_FileMenu_Click_SolutionsMenu_FaceToFaceRecording" time="18.674" classname="website.Test_HomePage_File_MenueOptions"/>
  <testcase name="MainPage_FileMenu_Click_SolutionsMenu_OfficeMoves" time="16.452" classname="website.Test_HomePage_File_MenueOptions"/>
  <testcase name="MainPage_FileMenu_Click_SolutionsMenue_OverviewOption" time="17.448" classname="website.Test_HomePage_File_MenueOptions"/>
  <testcase name="MainPage_FileMenu_Click_SolutionsMenue_TwoNumbersOneMobile" time="17.136" classname="website.Test_HomePage_File_MenueOptions"/>
  <testcase name="MainPage_FileMenu_Click_TermsAndConditions" time="16.692" classname="website.Test_HomePage_File_MenueOptions"/>
</testsuite> <!-- Default test -->
