<?xml version="1.0" encoding="UTF-8"?>
<testng-results skipped="0" failed="0" total="3" passed="3">
  <reporter-output>
  </reporter-output>
  <suite name="Default suite" duration-ms="21828" started-at="2016-12-29T09:45:57Z" finished-at="2016-12-29T09:46:18Z">
    <groups>
    </groups>
    <test name="Default test" duration-ms="21828" started-at="2016-12-29T09:45:57Z" finished-at="2016-12-29T09:46:18Z">
      <class name="website.Test_Privacy_Policy">
        <test-method status="PASS" signature="GoToMainHomePage()[pri:40, instance:website.Test_Privacy_Policy@61832929]" name="GoToMainHomePage" duration-ms="7904" started-at="2016-12-29T09:45:57Z" finished-at="2016-12-29T09:46:05Z">
          <reporter-output>
          </reporter-output>
        </test-method> <!-- GoToMainHomePage -->
        <test-method status="PASS" signature="PrivacyPolicy()[pri:41, instance:website.Test_Privacy_Policy@61832929]" name="PrivacyPolicy" duration-ms="10837" started-at="2016-12-29T09:46:05Z" finished-at="2016-12-29T09:46:15Z">
          <reporter-output>
          </reporter-output>
        </test-method> <!-- PrivacyPolicy -->
        <test-method status="PASS" signature="Close_Browser()[pri:42, instance:website.Test_Privacy_Policy@61832929]" name="Close_Browser" duration-ms="3068" started-at="2016-12-29T09:46:15Z" finished-at="2016-12-29T09:46:18Z">
          <reporter-output>
          </reporter-output>
        </test-method> <!-- Close_Browser -->
      </class> <!-- website.Test_Privacy_Policy -->
    </test> <!-- Default test -->
  </suite> <!-- Default suite -->
</testng-results>
