<?xml version="1.0" encoding="UTF-8"?>
<!-- Generated by org.testng.reporters.JUnitXMLReporter -->
<testsuite hostname="MainPc" name="Resilient Website" tests="94" failures="0" timestamp="12 Dec 2016 08:12:25 GMT" time="1069.862" errors="0">
  <testcase name="goto_home_page_findout_more" time="7.73" classname="website.Test_HomePage_FindOutMoreOptions"/>
  <testcase name="business_continuity_find_out_more" time="10.701" classname="website.Test_HomePage_FindOutMoreOptions"/>
  <testcase name="call_recording_find_out_more" time="10.563" classname="website.Test_HomePage_FindOutMoreOptions"/>
  <testcase name="face_to_face_find_out_more" time="10.949" classname="website.Test_HomePage_FindOutMoreOptions"/>
  <testcase name="office_move_find_out_more" time="14.088" classname="website.Test_HomePage_FindOutMoreOptions"/>
  <testcase name="two_numbers_one_mobile_find_out_more" time="10.547" classname="website.Test_HomePage_FindOutMoreOptions"/>
  <testcase name="close_browser" time="3.163" classname="website.Test_HomePage_FindOutMoreOptions"/>
  <testcase name="invoke_browser" time="2.154" classname="website.Test_HomePage_LowerBanner"/>
  <testcase name="navigateToSite" time="2.219" classname="website.Test_HomePage_LowerBanner"/>
  <testcase name="mainPage_banner_click_AboutUs_Careers" time="7.717" classname="website.Test_HomePage_LowerBanner"/>
  <testcase name="mainPage_banner_click_AboutUs_Management" time="7.572" classname="website.Test_HomePage_LowerBanner"/>
  <testcase name="mainPage_banner_click_AboutUs_News" time="8.402" classname="website.Test_HomePage_LowerBanner"/>
  <testcase name="mainPage_banner_click_AboutUs_Overview" time="8.509" classname="website.Test_HomePage_LowerBanner"/>
  <testcase name="mainPage_banner_click_AboutUs_SocialResponsibility" time="7.543" classname="website.Test_HomePage_LowerBanner"/>
  <testcase name="mainPage_banner_click_Partners_DistributionPartners" time="7.548" classname="website.Test_HomePage_LowerBanner"/>
  <testcase name="mainPage_banner_click_Partners_Overview" time="7.526" classname="website.Test_HomePage_LowerBanner"/>
  <testcase name="mainPage_banner_click_Partners_TechnologyPartners" time="7.595" classname="website.Test_HomePage_LowerBanner"/>
  <testcase name="mainPage_banner_click_Products_Overview" time="7.597" classname="website.Test_HomePage_LowerBanner"/>
  <testcase name="mainPage_banner_click_Products_SmartnumbersCallRecording" time="7.569" classname="website.Test_HomePage_LowerBanner"/>
  <testcase name="mainPage_banner_click_Products_SmartnumbersControl" time="8.233" classname="website.Test_HomePage_LowerBanner"/>
  <testcase name="mainPage_banner_click_Products_SmartnumbersFaceToFaceRecording" time="7.575" classname="website.Test_HomePage_LowerBanner"/>
  <testcase name="mainPage_banner_click_Products_SmartnumbersMobile" time="7.619" classname="website.Test_HomePage_LowerBanner"/>
  <testcase name="mainPage_banner_click_Solutions_BusinessContinuity" time="7.652" classname="website.Test_HomePage_LowerBanner"/>
  <testcase name="mainPage_banner_click_Solutions_CallRecording" time="7.629" classname="website.Test_HomePage_LowerBanner"/>
  <testcase name="mainPage_banner_click_Solutions_FaceToFaceRecording" time="7.586" classname="website.Test_HomePage_LowerBanner"/>
  <testcase name="mainPage_banner_click_Solutions_OfficeMoves" time="7.571" classname="website.Test_HomePage_LowerBanner"/>
  <testcase name="mainPage_banner_click_Solutions_Overview" time="7.595" classname="website.Test_HomePage_LowerBanner"/>
  <testcase name="mainPage_banner_click_Solutions_TwoNumbersOneMobile" time="7.56" classname="website.Test_HomePage_LowerBanner"/>
  <testcase name="mainPage_customer_testimonials_click_BT" time="7.447" classname="website.Test_HomePage_LowerBanner"/>
  <testcase name="mainPage_customer_testimonials_click_Cambridgeshire" time="7.557" classname="website.Test_HomePage_LowerBanner"/>
  <testcase name="mainPage_customer_testimonials_click_NorthamptonBoroughCouncil" time="7.504" classname="website.Test_HomePage_LowerBanner"/>
  <testcase name="mainPage_customer_testimonials_click_Sainsburys" time="7.495" classname="website.Test_HomePage_LowerBanner"/>
  <testcase name="mainPage_smartnumbers_business_services_cick_BusinessContinuity" time="7.57" classname="website.Test_HomePage_LowerBanner"/>
  <testcase name="mainPage_smartnumbers_business_services_cick_CallRecording" time="7.622" classname="website.Test_HomePage_LowerBanner"/>
  <testcase name="mainPage_smartnumbers_business_services_cick_FaceToFaceRecording" time="7.905" classname="website.Test_HomePage_LowerBanner"/>
  <testcase name="mainPage_smartnumbers_business_services_cick_TwoNumbersOneMobile" time="7.617" classname="website.Test_HomePage_LowerBanner"/>
  <testcase name="close_browser" time="3.069" classname="website.Test_HomePage_LowerBanner"/>
  <testcase name="AboutUs_Blog" time="14.307" classname="website.Test_HomePage_MenueOptions"/>
  <testcase name="AboutUs_Careers" time="14.343" classname="website.Test_HomePage_MenueOptions"/>
  <testcase name="AboutUs_Management" time="14.614" classname="website.Test_HomePage_MenueOptions"/>
  <testcase name="AboutUs_News" time="15.486" classname="website.Test_HomePage_MenueOptions"/>
  <testcase name="AboutUs_Overview" time="23.381" classname="website.Test_HomePage_MenueOptions"/>
  <testcase name="AboutUs_Resources" time="14.08" classname="website.Test_HomePage_MenueOptions"/>
  <testcase name="AboutUs_SocialResponsibility" time="14.493" classname="website.Test_HomePage_MenueOptions"/>
  <testcase name="PrivacyPolicy" time="14.27" classname="website.Test_HomePage_MenueOptions"/>
  <testcase name="TermsAndConditions" time="14.252" classname="website.Test_HomePage_MenueOptions"/>
  <testcase name="customers" time="14.382" classname="website.Test_HomePage_MenueOptions"/>
  <testcase name="partners_DistributionPartners" time="14.294" classname="website.Test_HomePage_MenueOptions"/>
  <testcase name="partners_Overview" time="14.143" classname="website.Test_HomePage_MenueOptions"/>
  <testcase name="partners_TechnologyPartners" time="14.412" classname="website.Test_HomePage_MenueOptions"/>
  <testcase name="products_Overview" time="14.93" classname="website.Test_HomePage_MenueOptions"/>
  <testcase name="products_SmartnumbersCallRecording" time="14.206" classname="website.Test_HomePage_MenueOptions"/>
  <testcase name="products_SmartnumbersControl" time="14.211" classname="website.Test_HomePage_MenueOptions"/>
  <testcase name="products_SmartnumbersFaceToFaceRecording" time="14.33" classname="website.Test_HomePage_MenueOptions"/>
  <testcase name="products_SmartnumbersMobile" time="14.562" classname="website.Test_HomePage_MenueOptions"/>
  <testcase name="solutionsMenu_BusinessContinuity" time="14.341" classname="website.Test_HomePage_MenueOptions"/>
  <testcase name="solutionsMenu_CallRecording" time="14.627" classname="website.Test_HomePage_MenueOptions"/>
  <testcase name="solutionsMenu_FaceToFaceRecording" time="11.474" classname="website.Test_HomePage_MenueOptions"/>
  <testcase name="solutionsMenu_OfficeMoves" time="14.281" classname="website.Test_HomePage_MenueOptions"/>
  <testcase name="solutionsMenue_TwoNumbersOneMobile" time="14.359" classname="website.Test_HomePage_MenueOptions"/>
  <testcase name="solutionsMenue_overview" time="13.976" classname="website.Test_HomePage_MenueOptions"/>
  <testcase name="goto_resources_page" time="7.224" classname="website.Test_ResourcesPage"/>
  <testcase name="byod_voice_made_easy_solution_brief" time="14.546" classname="website.Test_ResourcesPage"/>
  <testcase name="byod_voice_the_lost_piece_of_the_byod_puzzle" time="14.545" classname="website.Test_ResourcesPage"/>
  <testcase name="compliant_mobile_call_recording_solution_brief" time="14.336" classname="website.Test_ResourcesPage"/>
  <testcase name="de_risk_office_moves_solution_brief" time="14.223" classname="website.Test_ResourcesPage"/>
  <testcase name="face_to_face_recording_for_financial_services_a_growing_imperative" time="14.382" classname="website.Test_ResourcesPage"/>
  <testcase name="five_questions_to_ask_when_moving_your_telecoms_to_new_premises" time="14.236" classname="website.Test_ResourcesPage"/>
  <testcase name="how_smartnumbers_puts_you_in_control_of_your_communications" time="14.276" classname="website.Test_ResourcesPage"/>
  <testcase name="insurance_industry_brief" time="14.211" classname="website.Test_ResourcesPage"/>
  <testcase name="keeping_you_in_control_during_sip_migration" time="14.293" classname="website.Test_ResourcesPage"/>
  <testcase name="legal_sector_industry_brief" time="14.171" classname="website.Test_ResourcesPage"/>
  <testcase name="mifid_ebook" time="14.342" classname="website.Test_ResourcesPage"/>
  <testcase name="mifid_smart_guide_to_mobile_call_recording" time="14.211" classname="website.Test_ResourcesPage"/>
  <testcase name="mobile_call_recording_ebook" time="14.193" classname="website.Test_ResourcesPage"/>
  <testcase name="one_public_estate_for_number_management_success_stories" time="14.393" classname="website.Test_ResourcesPage"/>
  <testcase name="one_public_estate_maintaining_business_continuity_during_estate_rationalisation" time="14.235" classname="website.Test_ResourcesPage"/>
  <testcase name="protect_critical_numbers_solution_brief" time="14.173" classname="website.Test_ResourcesPage"/>
  <testcase name="public_sector_industry_brief" time="14.295" classname="website.Test_ResourcesPage"/>
  <testcase name="recording_conversations_under_mifid_a_quick_guide_to_compliance" time="14.352" classname="website.Test_ResourcesPage"/>
  <testcase name="smart_guide_to_the_costs_and_risks_of_allowing_business_and_personal_calls_on_one_phone" time="14.24" classname="website.Test_ResourcesPage"/>
  <testcase name="smartnumbers_call_recording_datasheet" time="14.157" classname="website.Test_ResourcesPage"/>
  <testcase name="smartnumbers_control_datasheet" time="14.187" classname="website.Test_ResourcesPage"/>
  <testcase name="smartnumbers_face_to_face_recording_datasheet" time="14.228" classname="website.Test_ResourcesPage"/>
  <testcase name="smartnumbers_mobile_datasheet" time="14.218" classname="website.Test_ResourcesPage"/>
  <testcase name="sustainability_and_the_corporate_mobile_ebook" time="14.2" classname="website.Test_ResourcesPage"/>
  <testcase name="the_enterprise_mobile_for_sales_organisations" time="15.532" classname="website.Test_ResourcesPage"/>
  <testcase name="top_5_benifits_of_smartnumbers_for_fixed_line_telephony" time="14.216" classname="website.Test_ResourcesPage"/>
  <testcase name="close_browser" time="3.066" classname="website.Test_ResourcesPage"/>
  <testcase name="gotoMainHomePage" time="7.543" classname="website.Test_Products_OverviewPage"/>
  <testcase name="Products_OverViewSmartnumbersControl__FindOutMore" time="10.847" classname="website.Test_Products_OverviewPage"/>
  <testcase name="Products_OverView_smartnumbersCallRecording_FindOutMore" time="11.431" classname="website.Test_Products_OverviewPage"/>
  <testcase name="Products_OverView_smartnumbersFaceToFace_FindOutMore" time="12.225" classname="website.Test_Products_OverviewPage"/>
  <testcase name="Products_OverView_smartnumbersMobile_FindOutMore" time="10.736" classname="website.Test_Products_OverviewPage"/>
</testsuite> <!-- Resilient Website -->
