<?xml version="1.0" encoding="UTF-8"?>
<!-- Generated by org.testng.reporters.JUnitXMLReporter -->
<testsuite hostname="MainPc" name="Resilient Website" tests="100" failures="0" timestamp="22 Dec 2016 12:50:01 GMT" time="1347.141" errors="0">
  <testcase name="goto_home_page_findout_more" time="7.907" classname="website.Test_HomePage_FindOutMoreOptions"/>
  <testcase name="business_continuity_find_out_more" time="9.875" classname="website.Test_HomePage_FindOutMoreOptions"/>
  <testcase name="call_recording_find_out_more" time="10.473" classname="website.Test_HomePage_FindOutMoreOptions"/>
  <testcase name="face_to_face_find_out_more" time="10.599" classname="website.Test_HomePage_FindOutMoreOptions"/>
  <testcase name="office_move_find_out_more" time="13.924" classname="website.Test_HomePage_FindOutMoreOptions"/>
  <testcase name="two_numbers_one_mobile_find_out_more" time="10.602" classname="website.Test_HomePage_FindOutMoreOptions"/>
  <testcase name="close_browser" time="3.064" classname="website.Test_HomePage_FindOutMoreOptions"/>
  <testcase name="invoke_browser" time="2.155" classname="website.Test_HomePage_LowerBanner"/>
  <testcase name="navigateToSite" time="5.062" classname="website.Test_HomePage_LowerBanner"/>
  <testcase name="MainPage_LowerBanner_Click_AboutUs_Careers" time="13.84" classname="website.Test_HomePage_LowerBanner"/>
  <testcase name="MainPage_LowerBanner_Click_AboutUs_Management" time="16.642" classname="website.Test_HomePage_LowerBanner"/>
  <testcase name="MainPage_LowerBanner_Click_AboutUs_News" time="14.38" classname="website.Test_HomePage_LowerBanner"/>
  <testcase name="MainPage_LowerBanner_Click_AboutUs_Overview" time="13.609" classname="website.Test_HomePage_LowerBanner"/>
  <testcase name="MainPage_LowerBanner_Click_AboutUs_SocialResponsibility" time="13.491" classname="website.Test_HomePage_LowerBanner"/>
  <testcase name="MainPage_LowerBanner_Click_Partners_DistributionPartners" time="13.624" classname="website.Test_HomePage_LowerBanner"/>
  <testcase name="MainPage_LowerBanner_Click_Partners_Overview" time="13.608" classname="website.Test_HomePage_LowerBanner"/>
  <testcase name="MainPage_LowerBanner_Click_Partners_TechnologyPartners" time="13.551" classname="website.Test_HomePage_LowerBanner"/>
  <testcase name="MainPage_LowerBanner_Click_Products_Overview" time="13.525" classname="website.Test_HomePage_LowerBanner"/>
  <testcase name="MainPage_LowerBanner_Click_Products_SmartnumbersCallRecording" time="13.671" classname="website.Test_HomePage_LowerBanner"/>
  <testcase name="MainPage_LowerBanner_Click_Products_SmartnumbersControl" time="13.663" classname="website.Test_HomePage_LowerBanner"/>
  <testcase name="MainPage_LowerBanner_Click_Products_SmartnumbersFaceToFaceRecording" time="13.614" classname="website.Test_HomePage_LowerBanner"/>
  <testcase name="MainPage_LowerBanner_Click_Products_SmartnumbersMobile" time="13.574" classname="website.Test_HomePage_LowerBanner"/>
  <testcase name="MainPage_LowerBanner_Click_Solutions_BusinessContinuity" time="13.685" classname="website.Test_HomePage_LowerBanner"/>
  <testcase name="MainPage_LowerBanner_Click_Solutions_CallRecording" time="13.594" classname="website.Test_HomePage_LowerBanner"/>
  <testcase name="MainPage_LowerBanner_Click_Solutions_FaceToFaceRecording" time="13.656" classname="website.Test_HomePage_LowerBanner"/>
  <testcase name="MainPage_LowerBanner_Click_Solutions_OfficeMoves" time="13.744" classname="website.Test_HomePage_LowerBanner"/>
  <testcase name="MainPage_LowerBanner_Click_Solutions_Overview" time="13.784" classname="website.Test_HomePage_LowerBanner"/>
  <testcase name="MainPage_LowerBanner_Click_Solutions_TwoNumbersOneMobile" time="13.639" classname="website.Test_HomePage_LowerBanner"/>
  <testcase name="close_browser" time="3.018" classname="website.Test_HomePage_LowerBanner"/>
  <testcase name="MainPage_FileMenu_Click_AboutUs_Blog" time="17.256" classname="website.Test_HomePage_File_MenueOptions"/>
  <testcase name="MainPage_FileMenu_Click_AboutUs_Careers" time="17.271" classname="website.Test_HomePage_File_MenueOptions"/>
  <testcase name="MainPage_FileMenu_Click_AboutUs_Management" time="17.487" classname="website.Test_HomePage_File_MenueOptions"/>
  <testcase name="MainPage_FileMenu_Click_AboutUs_News" time="17.884" classname="website.Test_HomePage_File_MenueOptions"/>
  <testcase name="MainPage_FileMenu_Click_AboutUs_Overview" time="18.088" classname="website.Test_HomePage_File_MenueOptions"/>
  <testcase name="MainPage_FileMenu_Click_AboutUs_Resources" time="18.08" classname="website.Test_HomePage_File_MenueOptions"/>
  <testcase name="MainPage_FileMenu_Click_AboutUs_SocialResponsibility" time="17.291" classname="website.Test_HomePage_File_MenueOptions"/>
  <testcase name="MainPage_FileMenu_Click_Customers" time="17.227" classname="website.Test_HomePage_File_MenueOptions"/>
  <testcase name="MainPage_FileMenu_Click_Partners_DistributionPartners" time="17.529" classname="website.Test_HomePage_File_MenueOptions"/>
  <testcase name="MainPage_FileMenu_Click_Partners_Overview" time="17.162" classname="website.Test_HomePage_File_MenueOptions"/>
  <testcase name="MainPage_FileMenu_Click_Partners_TechnologyPartners" time="17.225" classname="website.Test_HomePage_File_MenueOptions"/>
  <testcase name="MainPage_FileMenu_Click_Products_Overview" time="17.256" classname="website.Test_HomePage_File_MenueOptions"/>
  <testcase name="MainPage_FileMenu_Click_Products_SmartnumbersCallRecording" time="17.373" classname="website.Test_HomePage_File_MenueOptions"/>
  <testcase name="MainPage_FileMenu_Click_Products_SmartnumbersControl" time="16.482" classname="website.Test_HomePage_File_MenueOptions"/>
  <testcase name="MainPage_FileMenu_Click_Products_SmartnumbersFaceToFaceRecording" time="17.249" classname="website.Test_HomePage_File_MenueOptions"/>
  <testcase name="MainPage_FileMenu_Click_Products_SmartnumbersMobile" time="17.24" classname="website.Test_HomePage_File_MenueOptions"/>
  <testcase name="MainPage_FileMenu_Click_SolutionsMenu_BusinessContinuity" time="17.18" classname="website.Test_HomePage_File_MenueOptions"/>
  <testcase name="MainPage_FileMenu_Click_SolutionsMenu_CallRecording" time="17.275" classname="website.Test_HomePage_File_MenueOptions"/>
  <testcase name="MainPage_FileMenu_Click_SolutionsMenu_FaceToFaceRecording" time="17.366" classname="website.Test_HomePage_File_MenueOptions"/>
  <testcase name="MainPage_FileMenu_Click_SolutionsMenu_OfficeMoves" time="17.261" classname="website.Test_HomePage_File_MenueOptions"/>
  <testcase name="MainPage_FileMenu_Click_SolutionsMenue_OverviewOption" time="18.227" classname="website.Test_HomePage_File_MenueOptions"/>
  <testcase name="MainPage_FileMenu_Click_SolutionsMenue_TwoNumbersOneMobile" time="17.558" classname="website.Test_HomePage_File_MenueOptions"/>
  <testcase name="MainPage_FileMenu_Click_TermsAndConditions" time="17.714" classname="website.Test_HomePage_File_MenueOptions"/>
  <testcase name="Goto_Resources_Page" time="7.311" classname="website.Test_ResourcesPage"/>
  <testcase name="ResourcesPage_Click_Byod_Voice_Made_Easy_Solution_Brief" time="15.038" classname="website.Test_ResourcesPage"/>
  <testcase name="ResourcesPage_Click_Byod_Voice_The_Lost_Piece_of_The_Byod_Puzzle" time="14.791" classname="website.Test_ResourcesPage"/>
  <testcase name="ResourcesPage_Click_Compliant_Mobile_Call_Recording_Solution_brief" time="14.716" classname="website.Test_ResourcesPage"/>
  <testcase name="ResourcesPage_Click_De_Risk_Office_Moves_Solution_Brief" time="14.79" classname="website.Test_ResourcesPage"/>
  <testcase name="ResourcesPage_Click_Face_To_Face_Recording_for_Financial_Services_a_Growing_Imperative" time="14.706" classname="website.Test_ResourcesPage"/>
  <testcase name="ResourcesPage_Click_Five_Questions_To_Ask_When_Moving_Your_Telecoms_To_New_Premises" time="14.763" classname="website.Test_ResourcesPage"/>
  <testcase name="ResourcesPage_Click_How_Smartnumbers_Puts_You_In_Control_of_Your_Communications" time="14.266" classname="website.Test_ResourcesPage"/>
  <testcase name="ResourcesPage_Click_Insurance_Industry_Brief" time="14.691" classname="website.Test_ResourcesPage"/>
  <testcase name="ResourcesPage_Click_Keeping_You_In_Control_During_Sip_Migration" time="14.766" classname="website.Test_ResourcesPage"/>
  <testcase name="ResourcesPage_Click_Legal_Sector_Industry_Brief" time="14.77" classname="website.Test_ResourcesPage"/>
  <testcase name="ResourcesPage_Click_Mifid_Ebook" time="14.278" classname="website.Test_ResourcesPage"/>
  <testcase name="ResourcesPage_Click_Mifid_Smart_Guide_To_Mobile_Call_Recording" time="14.75" classname="website.Test_ResourcesPage"/>
  <testcase name="ResourcesPage_Click_Mobile_Call_Recording_Ebook" time="14.678" classname="website.Test_ResourcesPage"/>
  <testcase name="ResourcesPage_Click_One_Public_Estate_Maintaining_Business_Continuity_During_Estate_Rationalisation" time="14.798" classname="website.Test_ResourcesPage"/>
  <testcase name="ResourcesPage_Click_One_Public_Estate_for_Number_Management_Success_Stories" time="14.836" classname="website.Test_ResourcesPage"/>
  <testcase name="ResourcesPage_Click_Protect_Critical_Numbers_Solution_Brief" time="14.618" classname="website.Test_ResourcesPage"/>
  <testcase name="ResourcesPage_Click_Recording_Conversations_Under_Mifid_a_Quick_Guide_To_Compliance" time="14.667" classname="website.Test_ResourcesPage"/>
  <testcase name="ResourcesPage_Click_Smart_Guide_To_The_Costs_And_Risks_of_Allowing_Business_And_Personal_Calls_On_One_Phone" time="14.802" classname="website.Test_ResourcesPage"/>
  <testcase name="ResourcesPage_Click_Smartnumbers_Call_Recording_Datasheet" time="14.674" classname="website.Test_ResourcesPage"/>
  <testcase name="ResourcesPage_Click_Smartnumbers_Control_Datasheet" time="14.928" classname="website.Test_ResourcesPage"/>
  <testcase name="ResourcesPage_Click_Smartnumbers_Face_To_Face_Recording_Datasheet" time="14.727" classname="website.Test_ResourcesPage"/>
  <testcase name="ResourcesPage_Click_Smartnumbers_Mobile_Datasheet" time="14.247" classname="website.Test_ResourcesPage"/>
  <testcase name="ResourcesPage_Click_Sustainability_And_The_Corporate_Mobile_Ebook" time="13.698" classname="website.Test_ResourcesPage"/>
  <testcase name="ResourcesPage_Click_The_Enterprise_Mobile_For_Sales_Organisations" time="14.799" classname="website.Test_ResourcesPage"/>
  <testcase name="ResourcesPage_Click_Top_5_Benifits_of_Smartnumbers_for_FixedLlineTtelephony" time="14.725" classname="website.Test_ResourcesPage"/>
  <testcase name="public_sector_industry_brief" time="14.659" classname="website.Test_ResourcesPage"/>
  <testcase name="Close_Browser" time="3.077" classname="website.Test_ResourcesPage"/>
  <testcase name="GoToMainHomePage" time="7.207" classname="website.Test_Products_OverviewPage"/>
  <testcase name="Products_OverView_SmartnumbersCallRecording_FindOutMore" time="14.644" classname="website.Test_Products_OverviewPage"/>
  <testcase name="Products_OverView_SmartnumbersControl__FindOutMore" time="14.42" classname="website.Test_Products_OverviewPage"/>
  <testcase name="Products_OverView_SmartnumbersFaceToFace_FindOutMore" time="14.505" classname="website.Test_Products_OverviewPage"/>
  <testcase name="Products_OverView_SmartnumbersMobile_FindOutMore" time="14.507" classname="website.Test_Products_OverviewPage"/>
  <testcase name="GoToMainHomePage" time="7.313" classname="website.Test_Privacy_Policy"/>
  <testcase name="PrivacyPolicy" time="10.014" classname="website.Test_Privacy_Policy"/>
  <testcase name="Close_Browser" time="3.007" classname="website.Test_Privacy_Policy"/>
  <testcase name="gotoMainHomePage" time="7.249" classname="website.Test_HomePage_SmartnumbersBusinessServices"/>
  <testcase name="MainPage_SmartnumbersBusinessServices_Click_CallRecording" time="13.705" classname="website.Test_HomePage_SmartnumbersBusinessServices"/>
  <testcase name="MainPage_SmartnumbersBusinessServices_Click_FaceToFaceRecording" time="13.592" classname="website.Test_HomePage_SmartnumbersBusinessServices"/>
  <testcase name="MainPage_SmartnumbersBusinessServices_Click_TwoNumbersOneMobile" time="13.695" classname="website.Test_HomePage_SmartnumbersBusinessServices"/>
  <testcase name="MainPage_SmartnumbersBusinessServices_Click__BusinessContinuity" time="13.622" classname="website.Test_HomePage_SmartnumbersBusinessServices"/>
  <testcase name="close_browser" time="2.966" classname="website.Test_HomePage_SmartnumbersBusinessServices"/>
  <testcase name="GoTo_HomePage" time="7.222" classname="website.Test_HomePage_CustomerTestimonials"/>
  <testcase name="MainPage_CustomerTestimonials_Click_BT" time="13.733" classname="website.Test_HomePage_CustomerTestimonials"/>
  <testcase name="MainPage_CustomerTestimonials_Click_Cambridgeshire" time="13.694" classname="website.Test_HomePage_CustomerTestimonials"/>
  <testcase name="MainPage_CustomerTestimonials_Click_NorthamptonBoroughCouncil" time="13.557" classname="website.Test_HomePage_CustomerTestimonials"/>
  <testcase name="MainPage_CustomerTestimonials_Click_Sainsburys" time="13.551" classname="website.Test_HomePage_CustomerTestimonials"/>
  <testcase name="Close_Browser" time="2.962" classname="website.Test_HomePage_CustomerTestimonials"/>
</testsuite> <!-- Resilient Website -->
